[2019-12-05 22:08:56,541] INFO [GroupMetadataManager brokerId=1] Removed 0 expired offsets in 0 milliseconds. (kafka.coordinator.group.GroupMetadataManager)
[2019-12-05 22:18:56,541] INFO [GroupMetadataManager brokerId=1] Removed 0 expired offsets in 0 milliseconds. (kafka.coordinator.group.GroupMetadataManager)
[2019-12-05 22:28:56,541] INFO [GroupMetadataManager brokerId=1] Removed 0 expired offsets in 0 milliseconds. (kafka.coordinator.group.GroupMetadataManager)
[2019-12-05 22:38:56,541] INFO [GroupMetadataManager brokerId=1] Removed 0 expired offsets in 0 milliseconds. (kafka.coordinator.group.GroupMetadataManager)
[2019-12-05 22:48:56,541] INFO [GroupMetadataManager brokerId=1] Removed 0 expired offsets in 0 milliseconds. (kafka.coordinator.group.GroupMetadataManager)
[2019-12-05 22:57:26,731] INFO Terminating process due to signal SIGHUP (org.apache.kafka.common.utils.LoggingSignalHandler)
[2019-12-05 22:57:26,732] INFO Terminating process due to signal SIGHUP (org.apache.kafka.common.utils.LoggingSignalHandler)
[2019-12-05 22:57:26,737] INFO [KafkaServer id=1] shutting down (kafka.server.KafkaServer)
[2019-12-05 22:57:26,741] INFO [KafkaServer id=1] Starting controlled shutdown (kafka.server.KafkaServer)
[2019-12-05 22:57:26,764] INFO [ReplicaFetcherManager on broker 1] Removed fetcher for partitions Set(demo-23, demo-42, demo-28, demo-39, demo-5, demo-44, demo-14, demo-26, demo-27, demo-8, demo-43, demo-48, demo-33, demo-31, demo-3, demo-13, demo-4, demo-47, demo-16, demo-38, demo-0, demo-9, demo-22, demo-12, demo-21, demo-46, demo-1, demo-17, demo-24, demo-10, demo-37, demo-7, demo-30, demo-34, demo-20, demo-29, demo-36, demo-6, demo-11, demo-41, demo-19, demo-35, demo-32, demo-40, demo-25, demo-18, demo-49, demo-45, demo-2, demo-15) (kafka.server.ReplicaFetcherManager)
[2019-12-05 22:57:26,764] INFO [ReplicaAlterLogDirsManager on broker 1] Removed fetcher for partitions Set(demo-23, demo-42, demo-28, demo-39, demo-5, demo-44, demo-14, demo-26, demo-27, demo-8, demo-43, demo-48, demo-33, demo-31, demo-3, demo-13, demo-4, demo-47, demo-16, demo-38, demo-0, demo-9, demo-22, demo-12, demo-21, demo-46, demo-1, demo-17, demo-24, demo-10, demo-37, demo-7, demo-30, demo-34, demo-20, demo-29, demo-36, demo-6, demo-11, demo-41, demo-19, demo-35, demo-32, demo-40, demo-25, demo-18, demo-49, demo-45, demo-2, demo-15) (kafka.server.ReplicaAlterLogDirsManager)
[2019-12-05 22:57:26,811] INFO [ReplicaFetcherManager on broker 1] Removed fetcher for partitions Set(demo-23, demo-42, demo-28, demo-39, demo-5, demo-44, demo-14, demo-26, demo-27, demo-8, demo-43, demo-48, demo-33, demo-31, demo-3, demo-13, demo-4, demo-47, demo-16, demo-38, demo-0, demo-9, demo-22, demo-12, demo-21, demo-46, demo-1, demo-17, demo-24, demo-10, demo-37, demo-7, demo-30, demo-34, demo-20, demo-29, demo-36, demo-6, demo-11, demo-41, demo-19, demo-35, demo-32, demo-40, demo-25, demo-18, demo-49, demo-45, demo-2, demo-15) (kafka.server.ReplicaFetcherManager)
[2019-12-05 22:57:26,812] INFO [KafkaServer id=1] Controlled shutdown succeeded (kafka.server.KafkaServer)
[2019-12-05 22:57:26,813] INFO [ReplicaAlterLogDirsManager on broker 1] Removed fetcher for partitions Set(demo-23, demo-42, demo-28, demo-39, demo-5, demo-44, demo-14, demo-26, demo-27, demo-8, demo-43, demo-48, demo-33, demo-31, demo-3, demo-13, demo-4, demo-47, demo-16, demo-38, demo-0, demo-9, demo-22, demo-12, demo-21, demo-46, demo-1, demo-17, demo-24, demo-10, demo-37, demo-7, demo-30, demo-34, demo-20, demo-29, demo-36, demo-6, demo-11, demo-41, demo-19, demo-35, demo-32, demo-40, demo-25, demo-18, demo-49, demo-45, demo-2, demo-15) (kafka.server.ReplicaAlterLogDirsManager)
[2019-12-05 22:57:26,822] INFO [/config/changes-event-process-thread]: Shutting down (kafka.common.ZkNodeChangeNotificationListener$ChangeEventProcessThread)
[2019-12-05 22:57:26,823] INFO [/config/changes-event-process-thread]: Stopped (kafka.common.ZkNodeChangeNotificationListener$ChangeEventProcessThread)
[2019-12-05 22:57:26,823] INFO [/config/changes-event-process-thread]: Shutdown completed (kafka.common.ZkNodeChangeNotificationListener$ChangeEventProcessThread)
[2019-12-05 22:57:26,824] INFO [SocketServer brokerId=1] Stopping socket server request processors (kafka.network.SocketServer)
[2019-12-05 22:57:26,843] INFO [SocketServer brokerId=1] Stopped socket server request processors (kafka.network.SocketServer)
[2019-12-05 22:57:26,844] INFO [data-plane Kafka Request Handler on Broker 1], shutting down (kafka.server.KafkaRequestHandlerPool)
[2019-12-05 22:57:26,847] INFO [data-plane Kafka Request Handler on Broker 1], shut down completely (kafka.server.KafkaRequestHandlerPool)
[2019-12-05 22:57:26,855] INFO [KafkaApi-1] Shutdown complete. (kafka.server.KafkaApis)
[2019-12-05 22:57:26,857] INFO [ExpirationReaper-1-topic]: Shutting down (kafka.server.DelayedOperationPurgatory$ExpiredOperationReaper)
[2019-12-05 22:57:27,039] INFO [ExpirationReaper-1-topic]: Stopped (kafka.server.DelayedOperationPurgatory$ExpiredOperationReaper)
[2019-12-05 22:57:27,039] INFO [ExpirationReaper-1-topic]: Shutdown completed (kafka.server.DelayedOperationPurgatory$ExpiredOperationReaper)
[2019-12-05 22:57:27,043] INFO [TransactionCoordinator id=1] Shutting down. (kafka.coordinator.transaction.TransactionCoordinator)
[2019-12-05 22:57:27,044] INFO [ProducerId Manager 1]: Shutdown complete: last producerId assigned 7000 (kafka.coordinator.transaction.ProducerIdManager)
[2019-12-05 22:57:27,046] INFO [Transaction State Manager 1]: Shutdown complete (kafka.coordinator.transaction.TransactionStateManager)
[2019-12-05 22:57:27,046] INFO [Transaction Marker Channel Manager 1]: Shutting down (kafka.coordinator.transaction.TransactionMarkerChannelManager)
[2019-12-05 22:57:27,046] INFO [Transaction Marker Channel Manager 1]: Stopped (kafka.coordinator.transaction.TransactionMarkerChannelManager)
[2019-12-05 22:57:27,047] INFO [Transaction Marker Channel Manager 1]: Shutdown completed (kafka.coordinator.transaction.TransactionMarkerChannelManager)
[2019-12-05 22:57:27,048] INFO [TransactionCoordinator id=1] Shutdown complete. (kafka.coordinator.transaction.TransactionCoordinator)
[2019-12-05 22:57:27,049] INFO [GroupCoordinator 1]: Shutting down. (kafka.coordinator.group.GroupCoordinator)
[2019-12-05 22:57:27,050] INFO [ExpirationReaper-1-Heartbeat]: Shutting down (kafka.server.DelayedOperationPurgatory$ExpiredOperationReaper)
[2019-12-05 22:57:27,239] INFO [ExpirationReaper-1-Heartbeat]: Stopped (kafka.server.DelayedOperationPurgatory$ExpiredOperationReaper)
[2019-12-05 22:57:27,239] INFO [ExpirationReaper-1-Heartbeat]: Shutdown completed (kafka.server.DelayedOperationPurgatory$ExpiredOperationReaper)
[2019-12-05 22:57:27,241] INFO [ExpirationReaper-1-Rebalance]: Shutting down (kafka.server.DelayedOperationPurgatory$ExpiredOperationReaper)
[2019-12-05 22:57:27,439] INFO [ExpirationReaper-1-Rebalance]: Shutdown completed (kafka.server.DelayedOperationPurgatory$ExpiredOperationReaper)
[2019-12-05 22:57:27,439] INFO [ExpirationReaper-1-Rebalance]: Stopped (kafka.server.DelayedOperationPurgatory$ExpiredOperationReaper)
[2019-12-05 22:57:27,441] INFO [GroupCoordinator 1]: Shutdown complete. (kafka.coordinator.group.GroupCoordinator)
[2019-12-05 22:57:27,443] INFO [ReplicaManager broker=1] Shutting down (kafka.server.ReplicaManager)
[2019-12-05 22:57:27,444] INFO [LogDirFailureHandler]: Shutting down (kafka.server.ReplicaManager$LogDirFailureHandler)
[2019-12-05 22:57:27,444] INFO [LogDirFailureHandler]: Shutdown completed (kafka.server.ReplicaManager$LogDirFailureHandler)
[2019-12-05 22:57:27,444] INFO [LogDirFailureHandler]: Stopped (kafka.server.ReplicaManager$LogDirFailureHandler)
[2019-12-05 22:57:27,446] INFO [ReplicaFetcherManager on broker 1] shutting down (kafka.server.ReplicaFetcherManager)
[2019-12-05 22:57:27,449] INFO [ReplicaFetcherManager on broker 1] shutdown completed (kafka.server.ReplicaFetcherManager)
[2019-12-05 22:57:27,450] INFO [ReplicaAlterLogDirsManager on broker 1] shutting down (kafka.server.ReplicaAlterLogDirsManager)
[2019-12-05 22:57:27,451] INFO [ReplicaAlterLogDirsManager on broker 1] shutdown completed (kafka.server.ReplicaAlterLogDirsManager)
[2019-12-05 22:57:27,451] INFO [ExpirationReaper-1-Fetch]: Shutting down (kafka.server.DelayedOperationPurgatory$ExpiredOperationReaper)
[2019-12-05 22:57:27,491] INFO [ExpirationReaper-1-Fetch]: Stopped (kafka.server.DelayedOperationPurgatory$ExpiredOperationReaper)
[2019-12-05 22:57:27,491] INFO [ExpirationReaper-1-Fetch]: Shutdown completed (kafka.server.DelayedOperationPurgatory$ExpiredOperationReaper)
[2019-12-05 22:57:27,491] INFO [ExpirationReaper-1-Produce]: Shutting down (kafka.server.DelayedOperationPurgatory$ExpiredOperationReaper)
[2019-12-05 22:57:27,640] INFO [ExpirationReaper-1-Produce]: Stopped (kafka.server.DelayedOperationPurgatory$ExpiredOperationReaper)
[2019-12-05 22:57:27,640] INFO [ExpirationReaper-1-Produce]: Shutdown completed (kafka.server.DelayedOperationPurgatory$ExpiredOperationReaper)
[2019-12-05 22:57:27,641] INFO [ExpirationReaper-1-DeleteRecords]: Shutting down (kafka.server.DelayedOperationPurgatory$ExpiredOperationReaper)
[2019-12-05 22:57:27,691] INFO [ExpirationReaper-1-DeleteRecords]: Stopped (kafka.server.DelayedOperationPurgatory$ExpiredOperationReaper)
[2019-12-05 22:57:27,691] INFO [ExpirationReaper-1-DeleteRecords]: Shutdown completed (kafka.server.DelayedOperationPurgatory$ExpiredOperationReaper)
[2019-12-05 22:57:27,692] INFO [ExpirationReaper-1-ElectPreferredLeader]: Shutting down (kafka.server.DelayedOperationPurgatory$ExpiredOperationReaper)
[2019-12-05 22:57:27,891] INFO [ExpirationReaper-1-ElectPreferredLeader]: Stopped (kafka.server.DelayedOperationPurgatory$ExpiredOperationReaper)
[2019-12-05 22:57:27,891] INFO [ExpirationReaper-1-ElectPreferredLeader]: Shutdown completed (kafka.server.DelayedOperationPurgatory$ExpiredOperationReaper)
[2019-12-05 22:57:27,957] INFO [ReplicaManager broker=1] Shut down completely (kafka.server.ReplicaManager)
[2019-12-05 22:57:27,959] INFO Shutting down. (kafka.log.LogManager)
[2019-12-05 22:57:28,083] INFO Shutdown complete. (kafka.log.LogManager)
[2019-12-05 22:57:28,098] INFO [ZooKeeperClient Kafka server] Closing. (kafka.zookeeper.ZooKeeperClient)
[2019-12-05 22:57:28,127] INFO Session: 0x16ed7ba25c80002 closed (org.apache.zookeeper.ZooKeeper)
[2019-12-05 22:57:28,127] INFO EventThread shut down for session: 0x16ed7ba25c80002 (org.apache.zookeeper.ClientCnxn)
[2019-12-05 22:57:28,129] INFO [ZooKeeperClient Kafka server] Closed. (kafka.zookeeper.ZooKeeperClient)
[2019-12-05 22:57:28,129] INFO [ThrottledChannelReaper-Fetch]: Shutting down (kafka.server.ClientQuotaManager$ThrottledChannelReaper)
[2019-12-05 22:57:28,609] INFO [ThrottledChannelReaper-Fetch]: Shutdown completed (kafka.server.ClientQuotaManager$ThrottledChannelReaper)
[2019-12-05 22:57:28,609] INFO [ThrottledChannelReaper-Fetch]: Stopped (kafka.server.ClientQuotaManager$ThrottledChannelReaper)
[2019-12-05 22:57:28,610] INFO [ThrottledChannelReaper-Produce]: Shutting down (kafka.server.ClientQuotaManager$ThrottledChannelReaper)
[2019-12-05 22:57:29,609] INFO [ThrottledChannelReaper-Produce]: Stopped (kafka.server.ClientQuotaManager$ThrottledChannelReaper)
[2019-12-05 22:57:29,609] INFO [ThrottledChannelReaper-Produce]: Shutdown completed (kafka.server.ClientQuotaManager$ThrottledChannelReaper)
[2019-12-05 22:57:29,610] INFO [ThrottledChannelReaper-Request]: Shutting down (kafka.server.ClientQuotaManager$ThrottledChannelReaper)
[2019-12-05 22:57:30,610] INFO [ThrottledChannelReaper-Request]: Stopped (kafka.server.ClientQuotaManager$ThrottledChannelReaper)
[2019-12-05 22:57:30,610] INFO [ThrottledChannelReaper-Request]: Shutdown completed (kafka.server.ClientQuotaManager$ThrottledChannelReaper)
[2019-12-05 22:57:30,613] INFO [SocketServer brokerId=1] Shutting down socket server (kafka.network.SocketServer)
[2019-12-05 22:57:30,654] INFO [SocketServer brokerId=1] Shutdown completed (kafka.network.SocketServer)
[2019-12-05 22:57:30,659] INFO [KafkaServer id=1] shut down completed (kafka.server.KafkaServer)
