[2019-12-05 22:00:22,915] INFO [GroupMetadataManager brokerId=2] Removed 0 expired offsets in 0 milliseconds. (kafka.coordinator.group.GroupMetadataManager)
[2019-12-05 22:10:22,915] INFO [GroupMetadataManager brokerId=2] Removed 0 expired offsets in 0 milliseconds. (kafka.coordinator.group.GroupMetadataManager)
[2019-12-05 22:20:22,915] INFO [GroupMetadataManager brokerId=2] Removed 0 expired offsets in 0 milliseconds. (kafka.coordinator.group.GroupMetadataManager)
[2019-12-05 22:30:22,915] INFO [GroupMetadataManager brokerId=2] Removed 0 expired offsets in 1 milliseconds. (kafka.coordinator.group.GroupMetadataManager)
[2019-12-05 22:40:22,915] INFO [GroupMetadataManager brokerId=2] Removed 0 expired offsets in 0 milliseconds. (kafka.coordinator.group.GroupMetadataManager)
[2019-12-05 22:50:22,915] INFO [GroupMetadataManager brokerId=2] Removed 0 expired offsets in 0 milliseconds. (kafka.coordinator.group.GroupMetadataManager)
[2019-12-05 22:57:23,095] INFO Terminating process due to signal SIGHUP (org.apache.kafka.common.utils.LoggingSignalHandler)
[2019-12-05 22:57:23,096] INFO Terminating process due to signal SIGHUP (org.apache.kafka.common.utils.LoggingSignalHandler)
[2019-12-05 22:57:23,097] INFO [KafkaServer id=2] shutting down (kafka.server.KafkaServer)
[2019-12-05 22:57:23,100] INFO [KafkaServer id=2] Starting controlled shutdown (kafka.server.KafkaServer)
[2019-12-05 22:57:23,181] INFO [ReplicaFetcherManager on broker 2] Removed fetcher for partitions Set(demo-23, demo-42, demo-28, demo-39, demo-5, demo-44, demo-14, demo-26, demo-27, demo-8, demo-43, demo-48, demo-33, demo-31, demo-3, demo-13, demo-4, demo-47, demo-16, demo-38, demo-0, demo-9, demo-22, demo-12, demo-21, demo-46, demo-1, demo-17, demo-24, demo-10, demo-37, demo-7, demo-30, demo-34, demo-20, demo-29, demo-36, demo-6, demo-11, demo-41, demo-19, demo-35, demo-32, demo-40, demo-25, demo-18, demo-49, demo-45, demo-2, demo-15) (kafka.server.ReplicaFetcherManager)
[2019-12-05 22:57:23,185] INFO [ReplicaAlterLogDirsManager on broker 2] Removed fetcher for partitions Set(demo-23, demo-42, demo-28, demo-39, demo-5, demo-44, demo-14, demo-26, demo-27, demo-8, demo-43, demo-48, demo-33, demo-31, demo-3, demo-13, demo-4, demo-47, demo-16, demo-38, demo-0, demo-9, demo-22, demo-12, demo-21, demo-46, demo-1, demo-17, demo-24, demo-10, demo-37, demo-7, demo-30, demo-34, demo-20, demo-29, demo-36, demo-6, demo-11, demo-41, demo-19, demo-35, demo-32, demo-40, demo-25, demo-18, demo-49, demo-45, demo-2, demo-15) (kafka.server.ReplicaAlterLogDirsManager)
[2019-12-05 22:57:23,241] INFO [ReplicaFetcherManager on broker 2] Removed fetcher for partitions Set(demo-23, demo-42, demo-28, demo-39, demo-5, demo-44, demo-14, demo-26, demo-27, demo-8, demo-43, demo-48, demo-33, demo-31, demo-3, demo-13, demo-4, demo-47, demo-16, demo-38, demo-0, demo-9, demo-22, demo-12, demo-21, demo-46, demo-1, demo-17, demo-24, demo-10, demo-37, demo-7, demo-30, demo-34, demo-20, demo-29, demo-36, demo-6, demo-11, demo-41, demo-19, demo-35, demo-32, demo-40, demo-25, demo-18, demo-49, demo-45, demo-2, demo-15) (kafka.server.ReplicaFetcherManager)
[2019-12-05 22:57:23,243] INFO [ReplicaAlterLogDirsManager on broker 2] Removed fetcher for partitions Set(demo-23, demo-42, demo-28, demo-39, demo-5, demo-44, demo-14, demo-26, demo-27, demo-8, demo-43, demo-48, demo-33, demo-31, demo-3, demo-13, demo-4, demo-47, demo-16, demo-38, demo-0, demo-9, demo-22, demo-12, demo-21, demo-46, demo-1, demo-17, demo-24, demo-10, demo-37, demo-7, demo-30, demo-34, demo-20, demo-29, demo-36, demo-6, demo-11, demo-41, demo-19, demo-35, demo-32, demo-40, demo-25, demo-18, demo-49, demo-45, demo-2, demo-15) (kafka.server.ReplicaAlterLogDirsManager)
[2019-12-05 22:57:23,251] INFO [KafkaServer id=2] Controlled shutdown succeeded (kafka.server.KafkaServer)
[2019-12-05 22:57:23,267] INFO [/config/changes-event-process-thread]: Shutting down (kafka.common.ZkNodeChangeNotificationListener$ChangeEventProcessThread)
[2019-12-05 22:57:23,268] INFO [/config/changes-event-process-thread]: Shutdown completed (kafka.common.ZkNodeChangeNotificationListener$ChangeEventProcessThread)
[2019-12-05 22:57:23,268] INFO [/config/changes-event-process-thread]: Stopped (kafka.common.ZkNodeChangeNotificationListener$ChangeEventProcessThread)
[2019-12-05 22:57:23,269] INFO [SocketServer brokerId=2] Stopping socket server request processors (kafka.network.SocketServer)
[2019-12-05 22:57:23,284] INFO [SocketServer brokerId=2] Stopped socket server request processors (kafka.network.SocketServer)
[2019-12-05 22:57:23,285] INFO [data-plane Kafka Request Handler on Broker 2], shutting down (kafka.server.KafkaRequestHandlerPool)
[2019-12-05 22:57:23,288] INFO [data-plane Kafka Request Handler on Broker 2], shut down completely (kafka.server.KafkaRequestHandlerPool)
[2019-12-05 22:57:23,293] INFO [KafkaApi-2] Shutdown complete. (kafka.server.KafkaApis)
[2019-12-05 22:57:23,294] INFO [ExpirationReaper-2-topic]: Shutting down (kafka.server.DelayedOperationPurgatory$ExpiredOperationReaper)
[2019-12-05 22:57:23,437] INFO [ExpirationReaper-2-topic]: Stopped (kafka.server.DelayedOperationPurgatory$ExpiredOperationReaper)
[2019-12-05 22:57:23,437] INFO [ExpirationReaper-2-topic]: Shutdown completed (kafka.server.DelayedOperationPurgatory$ExpiredOperationReaper)
[2019-12-05 22:57:23,442] INFO [TransactionCoordinator id=2] Shutting down. (kafka.coordinator.transaction.TransactionCoordinator)
[2019-12-05 22:57:23,443] INFO [ProducerId Manager 2]: Shutdown complete: last producerId assigned 8000 (kafka.coordinator.transaction.ProducerIdManager)
[2019-12-05 22:57:23,444] INFO [Transaction State Manager 2]: Shutdown complete (kafka.coordinator.transaction.TransactionStateManager)
[2019-12-05 22:57:23,444] INFO [Transaction Marker Channel Manager 2]: Shutting down (kafka.coordinator.transaction.TransactionMarkerChannelManager)
[2019-12-05 22:57:23,444] INFO [Transaction Marker Channel Manager 2]: Stopped (kafka.coordinator.transaction.TransactionMarkerChannelManager)
[2019-12-05 22:57:23,444] INFO [Transaction Marker Channel Manager 2]: Shutdown completed (kafka.coordinator.transaction.TransactionMarkerChannelManager)
[2019-12-05 22:57:23,445] INFO [TransactionCoordinator id=2] Shutdown complete. (kafka.coordinator.transaction.TransactionCoordinator)
[2019-12-05 22:57:23,446] INFO [GroupCoordinator 2]: Shutting down. (kafka.coordinator.group.GroupCoordinator)
[2019-12-05 22:57:23,446] INFO [ExpirationReaper-2-Heartbeat]: Shutting down (kafka.server.DelayedOperationPurgatory$ExpiredOperationReaper)
[2019-12-05 22:57:23,638] INFO [ExpirationReaper-2-Heartbeat]: Stopped (kafka.server.DelayedOperationPurgatory$ExpiredOperationReaper)
[2019-12-05 22:57:23,638] INFO [ExpirationReaper-2-Heartbeat]: Shutdown completed (kafka.server.DelayedOperationPurgatory$ExpiredOperationReaper)
[2019-12-05 22:57:23,638] INFO [ExpirationReaper-2-Rebalance]: Shutting down (kafka.server.DelayedOperationPurgatory$ExpiredOperationReaper)
[2019-12-05 22:57:23,657] INFO [ExpirationReaper-2-Rebalance]: Shutdown completed (kafka.server.DelayedOperationPurgatory$ExpiredOperationReaper)
[2019-12-05 22:57:23,657] INFO [ExpirationReaper-2-Rebalance]: Stopped (kafka.server.DelayedOperationPurgatory$ExpiredOperationReaper)
[2019-12-05 22:57:23,658] INFO [GroupCoordinator 2]: Shutdown complete. (kafka.coordinator.group.GroupCoordinator)
[2019-12-05 22:57:23,659] INFO [ReplicaManager broker=2] Shutting down (kafka.server.ReplicaManager)
[2019-12-05 22:57:23,659] INFO [LogDirFailureHandler]: Shutting down (kafka.server.ReplicaManager$LogDirFailureHandler)
[2019-12-05 22:57:23,661] INFO [LogDirFailureHandler]: Shutdown completed (kafka.server.ReplicaManager$LogDirFailureHandler)
[2019-12-05 22:57:23,662] INFO [ReplicaFetcherManager on broker 2] shutting down (kafka.server.ReplicaFetcherManager)
[2019-12-05 22:57:23,664] INFO [ReplicaFetcherManager on broker 2] shutdown completed (kafka.server.ReplicaFetcherManager)
[2019-12-05 22:57:23,665] INFO [ReplicaAlterLogDirsManager on broker 2] shutting down (kafka.server.ReplicaAlterLogDirsManager)
[2019-12-05 22:57:23,661] INFO [LogDirFailureHandler]: Stopped (kafka.server.ReplicaManager$LogDirFailureHandler)
[2019-12-05 22:57:23,666] INFO [ReplicaAlterLogDirsManager on broker 2] shutdown completed (kafka.server.ReplicaAlterLogDirsManager)
[2019-12-05 22:57:23,666] INFO [ExpirationReaper-2-Fetch]: Shutting down (kafka.server.DelayedOperationPurgatory$ExpiredOperationReaper)
[2019-12-05 22:57:23,837] INFO [ExpirationReaper-2-Fetch]: Shutdown completed (kafka.server.DelayedOperationPurgatory$ExpiredOperationReaper)
[2019-12-05 22:57:23,837] INFO [ExpirationReaper-2-Fetch]: Stopped (kafka.server.DelayedOperationPurgatory$ExpiredOperationReaper)
[2019-12-05 22:57:23,837] INFO [ExpirationReaper-2-Produce]: Shutting down (kafka.server.DelayedOperationPurgatory$ExpiredOperationReaper)
[2019-12-05 22:57:23,838] INFO [ExpirationReaper-2-Produce]: Stopped (kafka.server.DelayedOperationPurgatory$ExpiredOperationReaper)
[2019-12-05 22:57:23,838] INFO [ExpirationReaper-2-Produce]: Shutdown completed (kafka.server.DelayedOperationPurgatory$ExpiredOperationReaper)
[2019-12-05 22:57:23,839] INFO [ExpirationReaper-2-DeleteRecords]: Shutting down (kafka.server.DelayedOperationPurgatory$ExpiredOperationReaper)
[2019-12-05 22:57:24,037] INFO [ExpirationReaper-2-DeleteRecords]: Stopped (kafka.server.DelayedOperationPurgatory$ExpiredOperationReaper)
[2019-12-05 22:57:24,037] INFO [ExpirationReaper-2-DeleteRecords]: Shutdown completed (kafka.server.DelayedOperationPurgatory$ExpiredOperationReaper)
[2019-12-05 22:57:24,037] INFO [ExpirationReaper-2-ElectPreferredLeader]: Shutting down (kafka.server.DelayedOperationPurgatory$ExpiredOperationReaper)
[2019-12-05 22:57:24,237] INFO [ExpirationReaper-2-ElectPreferredLeader]: Stopped (kafka.server.DelayedOperationPurgatory$ExpiredOperationReaper)
[2019-12-05 22:57:24,237] INFO [ExpirationReaper-2-ElectPreferredLeader]: Shutdown completed (kafka.server.DelayedOperationPurgatory$ExpiredOperationReaper)
[2019-12-05 22:57:24,323] INFO [ReplicaManager broker=2] Shut down completely (kafka.server.ReplicaManager)
[2019-12-05 22:57:24,324] INFO Shutting down. (kafka.log.LogManager)
[2019-12-05 22:57:24,484] INFO Shutdown complete. (kafka.log.LogManager)
[2019-12-05 22:57:24,508] INFO [ZooKeeperClient Kafka server] Closing. (kafka.zookeeper.ZooKeeperClient)
[2019-12-05 22:57:25,373] INFO Session: 0x16ed7ba25c80005 closed (org.apache.zookeeper.ZooKeeper)
[2019-12-05 22:57:25,373] INFO EventThread shut down for session: 0x16ed7ba25c80005 (org.apache.zookeeper.ClientCnxn)
[2019-12-05 22:57:25,375] INFO [ZooKeeperClient Kafka server] Closed. (kafka.zookeeper.ZooKeeperClient)
[2019-12-05 22:57:25,375] INFO [ThrottledChannelReaper-Fetch]: Shutting down (kafka.server.ClientQuotaManager$ThrottledChannelReaper)
[2019-12-05 22:57:25,379] INFO [ThrottledChannelReaper-Fetch]: Shutdown completed (kafka.server.ClientQuotaManager$ThrottledChannelReaper)
[2019-12-05 22:57:25,379] INFO [ThrottledChannelReaper-Fetch]: Stopped (kafka.server.ClientQuotaManager$ThrottledChannelReaper)
[2019-12-05 22:57:25,379] INFO [ThrottledChannelReaper-Produce]: Shutting down (kafka.server.ClientQuotaManager$ThrottledChannelReaper)
[2019-12-05 22:57:26,378] INFO [ThrottledChannelReaper-Produce]: Stopped (kafka.server.ClientQuotaManager$ThrottledChannelReaper)
[2019-12-05 22:57:26,378] INFO [ThrottledChannelReaper-Produce]: Shutdown completed (kafka.server.ClientQuotaManager$ThrottledChannelReaper)
[2019-12-05 22:57:26,379] INFO [ThrottledChannelReaper-Request]: Shutting down (kafka.server.ClientQuotaManager$ThrottledChannelReaper)
[2019-12-05 22:57:26,386] INFO [ThrottledChannelReaper-Request]: Stopped (kafka.server.ClientQuotaManager$ThrottledChannelReaper)
[2019-12-05 22:57:26,386] INFO [ThrottledChannelReaper-Request]: Shutdown completed (kafka.server.ClientQuotaManager$ThrottledChannelReaper)
[2019-12-05 22:57:26,389] INFO [SocketServer brokerId=2] Shutting down socket server (kafka.network.SocketServer)
[2019-12-05 22:57:26,424] INFO [SocketServer brokerId=2] Shutdown completed (kafka.network.SocketServer)
[2019-12-05 22:57:26,427] INFO [KafkaServer id=2] shut down completed (kafka.server.KafkaServer)
